Using pre-set license
Built from '2021.3/staging' branch; Version is '2021.3.0f1 (6eacc8284459) revision 7253192'; Using compiler version '192829333'; Build Type 'Release'
OS: 'Windows 10  (10.0.19045) 64bit Professional' Language: 'en' Physical Memory: 16334 MB
BatchMode: 1, IsHumanControllingUs: 0, StartBugReporterOnCrash: 0, Is64bit: 1, IsPro: 1

COMMAND LINE ARGUMENTS:
C:\Program Files\Unity\Hub\Editor\2021.3.0f1\Editor\Unity.exe
-adb2
-batchMode
-noUpm
-name
AssetImportWorker1
-projectPath
D:/Repos/my3d2048/my3d2048
-logFile
Logs/AssetImportWorker1.log
-srvPort
54209
Successfully changed project path to: D:/Repos/my3d2048/my3d2048
D:/Repos/my3d2048/my3d2048
[UnityMemory] Configuration Parameters - Can be set up in boot.config
    "memorysetup-bucket-allocator-granularity=16"
    "memorysetup-bucket-allocator-bucket-count=8"
    "memorysetup-bucket-allocator-block-size=33554432"
    "memorysetup-bucket-allocator-block-count=8"
    "memorysetup-main-allocator-block-size=16777216"
    "memorysetup-thread-allocator-block-size=16777216"
    "memorysetup-gfx-main-allocator-block-size=16777216"
    "memorysetup-gfx-thread-allocator-block-size=16777216"
    "memorysetup-cache-allocator-block-size=4194304"
    "memorysetup-typetree-allocator-block-size=2097152"
    "memorysetup-profiler-bucket-allocator-granularity=16"
    "memorysetup-profiler-bucket-allocator-bucket-count=8"
    "memorysetup-profiler-bucket-allocator-block-size=33554432"
    "memorysetup-profiler-bucket-allocator-block-count=8"
    "memorysetup-profiler-allocator-block-size=16777216"
    "memorysetup-profiler-editor-allocator-block-size=1048576"
    "memorysetup-temp-allocator-size-main=16777216"
    "memorysetup-job-temp-allocator-block-size=2097152"
    "memorysetup-job-temp-allocator-block-size-background=1048576"
    "memorysetup-job-temp-allocator-reduction-small-platforms=262144"
    "memorysetup-temp-allocator-size-background-worker=32768"
    "memorysetup-temp-allocator-size-job-worker=262144"
    "memorysetup-temp-allocator-size-preload-manager=33554432"
    "memorysetup-temp-allocator-size-nav-mesh-worker=65536"
    "memorysetup-temp-allocator-size-audio-worker=65536"
    "memorysetup-temp-allocator-size-cloud-worker=32768"
    "memorysetup-temp-allocator-size-gi-baking-worker=262144"
    "memorysetup-temp-allocator-size-gfx=262144"
Refreshing native plugins compatible for Editor in 74.87 ms, found 3 plugins.
Preloading 0 native plugins for Editor in 0.00 ms.
Initialize engine version: 2021.3.0f1 (6eacc8284459)
[Subsystems] Discovering subsystems at path C:/Program Files/Unity/Hub/Editor/2021.3.0f1/Editor/Data/Resources/UnitySubsystems
[Subsystems] Discovering subsystems at path D:/Repos/my3d2048/my3d2048/Assets
GfxDevice: creating device client; threaded=0; jobified=0
Direct3D:
    Version:  Direct3D 11.0 [level 11.1]
    Renderer: AMD Radeon RX 6650 XT (ID=0x73ef)
    Vendor:   ATI
    VRAM:     8147 MB
    Driver:   31.0.22011.1008
Initialize mono
Mono path[0] = 'C:/Program Files/Unity/Hub/Editor/2021.3.0f1/Editor/Data/Managed'
Mono path[1] = 'C:/Program Files/Unity/Hub/Editor/2021.3.0f1/Editor/Data/MonoBleedingEdge/lib/mono/unityjit-win32'
Mono config path = 'C:/Program Files/Unity/Hub/Editor/2021.3.0f1/Editor/Data/MonoBleedingEdge/etc'
Using monoOptions --debugger-agent=transport=dt_socket,embedding=1,server=y,suspend=n,address=127.0.0.1:56900
Begin MonoManager ReloadAssembly
Registering precompiled unity dll's ...
Register platform support module: C:/Program Files/Unity/Hub/Editor/2021.3.0f1/Editor/Data/PlaybackEngines/WebGLSupport/UnityEditor.WebGL.Extensions.dll
Register platform support module: C:/Program Files/Unity/Hub/Editor/2021.3.0f1/Editor/Data/PlaybackEngines/WindowsStandaloneSupport/UnityEditor.WindowsStandalone.Extensions.dll
Registered in 0.010232 seconds.
Native extension for WindowsStandalone target not found
Native extension for WebGL target not found
Refreshing native plugins compatible for Editor in 73.21 ms, found 3 plugins.
Preloading 0 native plugins for Editor in 0.00 ms.
Mono: successfully reloaded assembly
- Completed reload, in  0.586 seconds
Domain Reload Profiling:
	ReloadAssembly (586ms)
		BeginReloadAssembly (78ms)
			ExecutionOrderSort (0ms)
			DisableScriptedObjects (0ms)
			BackupInstance (0ms)
			ReleaseScriptingObjects (0ms)
			CreateAndSetChildDomain (1ms)
		EndReloadAssembly (399ms)
			LoadAssemblies (75ms)
			RebuildTransferFunctionScriptingTraits (0ms)
			SetupTypeCache (92ms)
			ReleaseScriptCaches (0ms)
			RebuildScriptCaches (25ms)
			SetupLoadedEditorAssemblies (237ms)
				LogAssemblyErrors (0ms)
				InitializePlatformSupportModulesInManaged (9ms)
				SetLoadedEditorAssemblies (0ms)
				RefreshPlugins (73ms)
				BeforeProcessingInitializeOnLoad (1ms)
				ProcessInitializeOnLoadAttributes (115ms)
				ProcessInitializeOnLoadMethodAttributes (38ms)
				AfterProcessingInitializeOnLoad (0ms)
				EditorAssembliesLoaded (0ms)
			ExecutionOrderSort2 (0ms)
			AwakeInstancesAfterBackupRestoration (0ms)
Platform modules already initialized, skipping
Registering precompiled user dll's ...
Registered in 0.002794 seconds.
Begin MonoManager ReloadAssembly
Symbol file LoadedFromMemory doesn't match image D:\Repos\my3d2048\my3d2048\Library\PackageCache\com.unity.visualscripting@1.7.6\Editor\VisualScripting.Core\Dependencies\YamlDotNet\Unity.VisualScripting.YamlDotNet.dll
Symbol file LoadedFromMemory is not a mono symbol file
Symbol file LoadedFromMemory doesn't match image D:\Repos\my3d2048\my3d2048\Library\PackageCache\com.unity.visualscripting@1.7.6\Editor\VisualScripting.Core\Dependencies\DotNetZip\Unity.VisualScripting.IonicZip.dll
Native extension for WindowsStandalone target not found
Native extension for WebGL target not found
Refreshing native plugins compatible for Editor in 0.46 ms, found 3 plugins.
Preloading 0 native plugins for Editor in 0.00 ms.
Mono: successfully reloaded assembly
- Completed reload, in  0.906 seconds
Domain Reload Profiling:
	ReloadAssembly (906ms)
		BeginReloadAssembly (100ms)
			ExecutionOrderSort (0ms)
			DisableScriptedObjects (5ms)
			BackupInstance (0ms)
			ReleaseScriptingObjects (0ms)
			CreateAndSetChildDomain (16ms)
		EndReloadAssembly (706ms)
			LoadAssemblies (83ms)
			RebuildTransferFunctionScriptingTraits (0ms)
			SetupTypeCache (234ms)
			ReleaseScriptCaches (1ms)
			RebuildScriptCaches (53ms)
			SetupLoadedEditorAssemblies (304ms)
				LogAssemblyErrors (0ms)
				InitializePlatformSupportModulesInManaged (7ms)
				SetLoadedEditorAssemblies (0ms)
				RefreshPlugins (1ms)
				BeforeProcessingInitializeOnLoad (75ms)
				ProcessInitializeOnLoadAttributes (188ms)
				ProcessInitializeOnLoadMethodAttributes (21ms)
				AfterProcessingInitializeOnLoad (12ms)
				EditorAssembliesLoaded (0ms)
			ExecutionOrderSort2 (0ms)
			AwakeInstancesAfterBackupRestoration (6ms)
Platform modules already initialized, skipping
========================================================================
Worker process is ready to serve import requests
Launched and connected shader compiler UnityShaderCompiler.exe after 0.10 seconds
Refreshing native plugins compatible for Editor in 0.53 ms, found 3 plugins.
Preloading 0 native plugins for Editor in 0.00 ms.
Unloading 3225 Unused Serialized files (Serialized files now loaded: 0)
Unloading 23 unused Assets / (112.4 KB). Loaded Objects now: 3690.
Memory consumption went from 142.5 MB to 142.4 MB.
Total: 3.086900 ms (FindLiveObjects: 0.274000 ms CreateObjectMapping: 0.083400 ms MarkObjects: 2.629900 ms  DeleteObjects: 0.098700 ms)

AssetImportParameters requested are different than current active one (requested -> active):
  custom:video-decoder-ogg-theora: a1e56fd34408186e4bbccfd4996cb3dc -> 
  custom:container-muxer-webm: aa71ff27fc2769a1b78a27578f13a17b -> 
  custom:container-demuxer-webm: 4f35f7cbe854078d1ac9338744f61a02 -> 
  custom:video-encoder-webm-vp8: eb34c28f22e8b96e1ab97ce403110664 -> 
  custom:audio-encoder-webm-vorbis: bf7c407c2cedff20999df2af8eb42d56 -> 
  custom:framework-win-MediaFoundation: 216162199b28c13a410421893ffa2e32 -> 
  custom:container-demuxer-ogg: 62fdf1f143b41e24485cea50d1cbac27 -> 
  custom:video-decoder-webm-vp8: 9c59270c3fd7afecdb556c50c9e8de78 -> 
  custom:audio-decoder-ogg-vorbis: bf7c407c2cedff20999df2af8eb42d56 -> 
========================================================================
Received Import Request.
  Time since last request: 42541.672417 seconds.
  path: Assets/Materials
  artifactKey: Guid(04fdbf01202e5f44892e50a853d7afe5) Importer(815301076,1909f56bfc062723c751e8b465ee728b)
Start importing Assets/Materials using Guid(04fdbf01202e5f44892e50a853d7afe5) Importer(815301076,1909f56bfc062723c751e8b465ee728b)  -> (artifact id: 'efa067d02aa51f7925665a5f5f1de319') in 0.009710 seconds 
========================================================================
Received Import Request.
  Time since last request: 206.428649 seconds.
  path: Assets/Materials/8BlockMaterial.mat
  artifactKey: Guid(75ea7506ce6d91848971b4a35e7e70c7) Importer(815301076,1909f56bfc062723c751e8b465ee728b)
Start importing Assets/Materials/8BlockMaterial.mat using Guid(75ea7506ce6d91848971b4a35e7e70c7) Importer(815301076,1909f56bfc062723c751e8b465ee728b)  -> (artifact id: '78e563fd689328ad9293643ea9f5e46b') in 0.100391 seconds 
========================================================================
Received Import Request.
  Time since last request: 44.392715 seconds.
  path: Assets/Materials/16BlockMaterial.mat
  artifactKey: Guid(2fec3a1975dc05848bdefa6500b5cf07) Importer(815301076,1909f56bfc062723c751e8b465ee728b)
Start importing Assets/Materials/16BlockMaterial.mat using Guid(2fec3a1975dc05848bdefa6500b5cf07) Importer(815301076,1909f56bfc062723c751e8b465ee728b)  -> (artifact id: 'd3835c7fbaefd761f7625111a6f3768b') in 0.011108 seconds 
========================================================================
Received Import Request.
  Time since last request: 41.651429 seconds.
  path: Assets/Materials/32BlockMaterial.mat
  artifactKey: Guid(d1505232c23f80f4e90efa896fd35b76) Importer(815301076,1909f56bfc062723c751e8b465ee728b)
Start importing Assets/Materials/32BlockMaterial.mat using Guid(d1505232c23f80f4e90efa896fd35b76) Importer(815301076,1909f56bfc062723c751e8b465ee728b)  -> (artifact id: '9db7dba923a98de7116e019fcfb94771') in 0.011301 seconds 
========================================================================
Received Import Request.
  Time since last request: 48.170918 seconds.
  path: Assets/Materials/64BlockMaterial.mat
  artifactKey: Guid(75e65e4eaa11d5f478cb5055cb709124) Importer(815301076,1909f56bfc062723c751e8b465ee728b)
Start importing Assets/Materials/64BlockMaterial.mat using Guid(75e65e4eaa11d5f478cb5055cb709124) Importer(815301076,1909f56bfc062723c751e8b465ee728b)  -> (artifact id: '305d887e3e76deb3a1908e4618777bd5') in 0.010468 seconds 
========================================================================
Received Import Request.
  Time since last request: 47.738565 seconds.
  path: Assets/Materials/128BlockMaterial.mat
  artifactKey: Guid(5beb2ea5e63906b4497ca41ed1ae4c5a) Importer(815301076,1909f56bfc062723c751e8b465ee728b)
Start importing Assets/Materials/128BlockMaterial.mat using Guid(5beb2ea5e63906b4497ca41ed1ae4c5a) Importer(815301076,1909f56bfc062723c751e8b465ee728b)  -> (artifact id: '7ba1afeaeb0d263ad935063a177782ba') in 0.011132 seconds 
========================================================================
Received Import Request.
  Time since last request: 67.678709 seconds.
  path: Assets/Materials/256BlockMaterial.mat
  artifactKey: Guid(8a6722166c2f99c429419f293d57f5c5) Importer(815301076,1909f56bfc062723c751e8b465ee728b)
Start importing Assets/Materials/256BlockMaterial.mat using Guid(8a6722166c2f99c429419f293d57f5c5) Importer(815301076,1909f56bfc062723c751e8b465ee728b)  -> (artifact id: 'cbcedace0b4f4558405964a344db7eef') in 0.012404 seconds 
========================================================================
Received Import Request.
  Time since last request: 45.103069 seconds.
  path: Assets/Materials/512BlockMaterial.mat
  artifactKey: Guid(b9ab8a856a7372b49a4bd54f898cdceb) Importer(815301076,1909f56bfc062723c751e8b465ee728b)
Start importing Assets/Materials/512BlockMaterial.mat using Guid(b9ab8a856a7372b49a4bd54f898cdceb) Importer(815301076,1909f56bfc062723c751e8b465ee728b)  -> (artifact id: '1ea81934fdc4aa67c16f003ff8835f6b') in 0.028423 seconds 
========================================================================
Received Import Request.
  Time since last request: 40.911812 seconds.
  path: Assets/Materials/1024BlockMaterial.mat
  artifactKey: Guid(896891e5328170148ae59eaaed785764) Importer(815301076,1909f56bfc062723c751e8b465ee728b)
Start importing Assets/Materials/1024BlockMaterial.mat using Guid(896891e5328170148ae59eaaed785764) Importer(815301076,1909f56bfc062723c751e8b465ee728b)  -> (artifact id: '7101a83643e74693fbd8ff2155d5b722') in 0.011500 seconds 
